# JRE version: OpenJDK Runtime Environment Corretto-11.0.15.9.1 (11.0.15+9) (build 11.0.15+9-LTS)
# Java VM: OpenJDK 64-Bit Server VM Corretto-11.0.15.9.1 (11.0.15+9-LTS, mixed mode, tiered, compressed oops, g1 gc, windows-amd64)
Heap:
 garbage-first heap   total 315392K, used 13682K [0x0000000701400000, 0x0000000800000000)
  region size 1024K, 8 young (8192K), 8 survivors (8192K)
 Metaspace       used 34270K, capacity 35507K, committed 35628K, reserved 1081344K
  class space    used 4181K, capacity 4711K, committed 4736K, reserved 1048576K
GC Heap History (9 events):
Event: 0.411 GC heap before
{Heap before GC invocations=0 (full 0):
 garbage-first heap   total 262144K, used 23552K [0x0000000701400000, 0x0000000800000000)
  region size 1024K, 24 young (24576K), 0 survivors (0K)
 Metaspace       used 15068K, capacity 15522K, committed 15616K, reserved 1062912K
  class space    used 1609K, capacity 1776K, committed 1792K, reserved 1048576K
}
Event: 0.414 GC heap after
{Heap after GC invocations=1 (full 0):
 garbage-first heap   total 262144K, used 5171K [0x0000000701400000, 0x0000000800000000)
  region size 1024K, 3 young (3072K), 3 survivors (3072K)
 Metaspace       used 15068K, capacity 15522K, committed 15616K, reserved 1062912K
  class space    used 1609K, capacity 1776K, committed 1792K, reserved 1048576K
}
Event: 0.580 GC heap before
{Heap before GC invocations=1 (full 0):
 garbage-first heap   total 262144K, used 30771K [0x0000000701400000, 0x0000000800000000)
  region size 1024K, 29 young (29696K), 3 survivors (3072K)
 Metaspace       used 20379K, capacity 21050K, committed 21248K, reserved 1069056K
  class space    used 2317K, capacity 2547K, committed 2560K, reserved 1048576K
}
Event: 0.583 GC heap after
{Heap after GC invocations=2 (full 0):
 garbage-first heap   total 262144K, used 6717K [0x0000000701400000, 0x0000000800000000)
  region size 1024K, 5 young (5120K), 5 survivors (5120K)
 Metaspace       used 20379K, capacity 21050K, committed 21248K, reserved 1069056K
  class space    used 2317K, capacity 2547K, committed 2560K, reserved 1048576K
}
Event: 0.747 GC heap before
{Heap before GC invocations=3 (full 0):
 garbage-first heap   total 262144K, used 37437K [0x0000000701400000, 0x0000000800000000)
  region size 1024K, 35 young (35840K), 5 survivors (5120K)
 Metaspace       used 24042K, capacity 24803K, committed 24960K, reserved 1071104K
  class space    used 2815K, capacity 3139K, committed 3200K, reserved 1048576K
}
Event: 0.751 GC heap after
{Heap after GC invocations=4 (full 0):
 garbage-first heap   total 262144K, used 8158K [0x0000000701400000, 0x0000000800000000)
  region size 1024K, 3 young (3072K), 3 survivors (3072K)
 Metaspace       used 24042K, capacity 24803K, committed 24960K, reserved 1071104K
  class space    used 2815K, capacity 3139K, committed 3200K, reserved 1048576K
}
Event: 1.166 GC heap before
{Heap before GC invocations=4 (full 0):
 garbage-first heap   total 262144K, used 71646K [0x0000000701400000, 0x0000000800000000)
  region size 1024K, 65 young (66560K), 3 survivors (3072K)
 Metaspace       used 32437K, capacity 33606K, committed 33664K, reserved 1079296K
  class space    used 3939K, capacity 4439K, committed 4480K, reserved 1048576K
}
Event: 1.170 GC heap after
{Heap after GC invocations=5 (full 0):
 garbage-first heap   total 262144K, used 12478K [0x0000000701400000, 0x0000000800000000)
  region size 1024K, 8 young (8192K), 8 survivors (8192K)
 Metaspace       used 32437K, capacity 33606K, committed 33664K, reserved 1079296K
  class space    used 3939K, capacity 4439K, committed 4480K, reserved 1048576K
}
Event: 1.263 GC heap before
{Heap before GC invocations=5 (full 0):
 garbage-first heap   total 262144K, used 24766K [0x0000000701400000, 0x0000000800000000)
  region size 1024K, 21 young (21504K), 8 survivors (8192K)
 Metaspace       used 34270K, capacity 35507K, committed 35628K, reserved 1081344K
  class space    used 4181K, capacity 4711K, committed 4736K, reserved 1048576K
}

